<?xml version="1.0" encoding="UTF-8"?>
<!-- Generated by org.testng.reporters.JUnitXMLReporter -->
<testsuite hostname="hydws72702" ignored="2" name="grouping" tests="2" failures="0" timestamp="07 Mar 2019 04:23:18 GMT" time="0.074" errors="0">
  <testcase name="test_1" time="0.013" classname="checks.Checks123"/>
  <testcase name="test_2" time="0.001" classname="checks.Checks123"/>
  <testcase name="test_4" time="0.0" classname="checks.Checks123">
    <ignored/>
  </testcase> <!-- test_4 -->
  <testcase name="test_3" time="0.0" classname="checks.Checks123">
    <ignored/>
  </testcase> <!-- test_3 -->
</testsuite> <!-- grouping -->
