<?xml version="1.0" encoding="UTF-8"?>
<!-- Generated by org.testng.reporters.JUnitXMLReporter -->
<testsuite hostname="hydws72702" ignored="0" name="ChromeTest" tests="2" failures="1" timestamp="27 Feb 2019 06:13:46 GMT" time="16.29" errors="0">
  <testcase name="title" time="0.029" classname="memdesk.GoogleTest">
    <failure type="java.lang.ArithmeticException" message="/ by zero">
      <![CDATA[java.lang.ArithmeticException: / by zero
at memdesk.GoogleTest.title(GoogleTest.java:52)
at java.util.concurrent.FutureTask.run(Unknown Source)
at java.util.concurrent.ThreadPoolExecutor.runWorker(Unknown Source)
at java.util.concurrent.ThreadPoolExecutor$Worker.run(Unknown Source)
at java.lang.Thread.run(Unknown Source)
... Removed 16 stack frames]]>
    </failure>
  </testcase> <!-- title -->
  <testcase name="verify" time="0.104" classname="memdesk.GoogleTest"/>
</testsuite> <!-- ChromeTest -->
