<?xml version="1.0" encoding="UTF-8"?>
<!-- Generated by org.testng.reporters.JUnitXMLReporter -->
<testsuite hostname="hydws72702" ignored="4" name="mytest" tests="3" failures="0" timestamp="27 Feb 2019 06:10:50 GMT" time="0.061" errors="0">
  <testcase name="tc_5" time="0.015" classname="memdesk.Groups"/>
  <testcase name="tc_6" time="0.003" classname="memdesk.Groups"/>
  <testcase name="tc_7" time="0.002" classname="memdesk.Groups"/>
  <testcase name="tc_1" time="0.0" classname="memdesk.Groups">
    <ignored/>
  </testcase> <!-- tc_1 -->
  <testcase name="tc_2" time="0.0" classname="memdesk.Groups">
    <ignored/>
  </testcase> <!-- tc_2 -->
  <testcase name="tc_4" time="0.0" classname="memdesk.Groups">
    <ignored/>
  </testcase> <!-- tc_4 -->
  <testcase name="tc_3" time="0.0" classname="memdesk.Groups">
    <ignored/>
  </testcase> <!-- tc_3 -->
</testsuite> <!-- mytest -->
