<?xml version="1.0" encoding="UTF-8"?>
<!-- Generated by org.testng.reporters.JUnitXMLReporter -->
<testsuite hostname="hydws72702" ignored="1" name="ChromeTest" tests="1" failures="1" timestamp="25 Feb 2019 09:12:47 GMT" time="0.051" errors="0">
  <testcase name="title" time="0.015" classname="memdesk.GoogleTest2">
    <failure type="java.lang.NullPointerException">
      <![CDATA[java.lang.NullPointerException
at memdesk.GoogleTest2.title(GoogleTest2.java:35)
... Removed 25 stack frames]]>
    </failure>
  </testcase> <!-- title -->
  <testcase name="verify" time="0.0" classname="memdesk.GoogleTest2">
    <ignored/>
  </testcase> <!-- verify -->
</testsuite> <!-- ChromeTest -->
