<?xml version="1.0" encoding="UTF-8"?>
<!-- Generated by org.testng.reporters.JUnitXMLReporter -->
<testsuite hostname="hydws72702" ignored="1" name="Mytest" tests="1" failures="1" timestamp="25 Feb 2019 11:32:57 GMT" time="0.043" errors="0">
  <testcase name="title" time="0.014" classname="memdesk.GoogleTest2">
    <failure type="java.lang.NullPointerException">
      <![CDATA[java.lang.NullPointerException
at memdesk.GoogleTest2.title(GoogleTest2.java:35)
at java.util.concurrent.FutureTask.run(Unknown Source)
at java.util.concurrent.ThreadPoolExecutor.runWorker(Unknown Source)
at java.util.concurrent.ThreadPoolExecutor$Worker.run(Unknown Source)
at java.lang.Thread.run(Unknown Source)
... Removed 16 stack frames]]>
    </failure>
  </testcase> <!-- title -->
  <testcase name="verify" time="0.0" classname="memdesk.GoogleTest2">
    <ignored/>
  </testcase> <!-- verify -->
</testsuite> <!-- Mytest -->
