<?xml version="1.0" encoding="UTF-8"?>
<!-- Generated by org.testng.reporters.JUnitXMLReporter -->
<testsuite hostname="hydws72702" ignored="0" name="Test" tests="1" failures="1" timestamp="12 Dec 2018 10:05:13 GMT" time="3.115" errors="0">
  <testcase name="test2" time="0.006" classname="seleniumlearning.TestScript">
    <failure type="java.lang.NullPointerException">
      <![CDATA[java.lang.NullPointerException
at seleniumlearning.TestScript.test2(TestScript.java:32)
... Removed 25 stack frames]]>
    </failure>
  </testcase> <!-- test2 -->
</testsuite> <!-- Test -->
