<?xml version="1.0" encoding="UTF-8"?>
<!-- Generated by org.testng.reporters.JUnitXMLReporter -->
<testsuite hostname="hydws72702" ignored="0" name="Default test(failed)(failed)" tests="2" failures="1" timestamp="08 Mar 2019 09:12:50 GMT" time="24.812" errors="0">
  <testcase name="title" time="0.026" classname="memdesk.GoogleTest1">
    <failure type="org.testng.TestException" message="
Expected exception of type class java.lang.NumberFormatException but got java.lang.ArithmeticException: / by zero">
      <![CDATA[org.testng.TestException: 
Expected exception of type class java.lang.NumberFormatException but got java.lang.ArithmeticException: / by zero
Caused by: java.lang.ArithmeticException: / by zero
at memdesk.GoogleTest1.title(GoogleTest1.java:39)
... 19 more
... Removed 28 stack frames]]>
    </failure>
  </testcase> <!-- title -->
  <testcase name="verify" time="0.0" classname="memdesk.GoogleTest1">
    <skipped/>
  </testcase> <!-- verify -->
</testsuite> <!-- Default test(failed)(failed) -->
