<?xml version="1.0" encoding="UTF-8"?>
<!-- Generated by org.testng.reporters.JUnitXMLReporter -->
<testsuite hostname="hydws72702" ignored="0" name="Application Test" tests="2" failures="2" timestamp="18 Mar 2019 09:46:32 GMT" time="0.053" errors="0">
  <testcase name="test_1a" time="0.013" classname="checks.MyCases">
    <failure type="java.lang.NullPointerException">
      <![CDATA[java.lang.NullPointerException
at checks.MyCases.test_1a(MyCases.java:14)
... Removed 25 stack frames]]>
    </failure>
  </testcase> <!-- test_1a -->
  <testcase name="test_1b" time="0.002" classname="checks.MyCases">
    <failure type="java.lang.NullPointerException">
      <![CDATA[java.lang.NullPointerException
at checks.MyCases.test_1b(MyCases.java:21)
... Removed 25 stack frames]]>
    </failure>
  </testcase> <!-- test_1b -->
</testsuite> <!-- Application Test -->
