<?xml version="1.0" encoding="UTF-8"?>
<testng-results skipped="0" failed="0" ignored="0" total="2" passed="2">
  <reporter-output>
  </reporter-output>
  <suite name="mycases" duration-ms="7718" started-at="2019-03-19T08:31:09Z" finished-at="2019-03-19T08:31:17Z">
    <groups>
    </groups>
    <test name="Test" duration-ms="7718" started-at="2019-03-19T08:31:09Z" finished-at="2019-03-19T08:31:17Z">
      <class name="checks.MyCases">
        <test-method status="PASS" signature="test_1a()[pri:0, instance:checks.MyCases@3a5ed7a6]" name="test_1a" duration-ms="3863" started-at="2019-03-19T08:31:09Z" finished-at="2019-03-19T08:31:13Z">
          <reporter-output>
          </reporter-output>
        </test-method> <!-- test_1a -->
        <test-method status="PASS" signature="test_1b()[pri:0, instance:checks.MyCases@3a5ed7a6]" name="test_1b" duration-ms="2482" started-at="2019-03-19T08:31:13Z" finished-at="2019-03-19T08:31:16Z">
          <reporter-output>
          </reporter-output>
        </test-method> <!-- test_1b -->
      </class> <!-- checks.MyCases -->
    </test> <!-- Test -->
  </suite> <!-- mycases -->
</testng-results>
