<?xml version="1.0" encoding="UTF-8"?>
<testng-results skipped="0" failed="0" ignored="0" total="2" passed="2">
  <reporter-output>
  </reporter-output>
  <suite name="Default suite" duration-ms="62" started-at="2019-02-27T06:37:51Z" finished-at="2019-02-27T06:37:51Z">
    <groups>
    </groups>
    <test name="Default test" duration-ms="62" started-at="2019-02-27T06:37:51Z" finished-at="2019-02-27T06:37:51Z">
      <class name="memdesk.FlowTest">
        <test-method status="PASS" signature="property()[pri:0, instance:memdesk.FlowTest@2b98378d]" name="property" is-config="true" duration-ms="21" started-at="2019-02-27T06:37:51Z" finished-at="2019-02-27T06:37:51Z">
          <reporter-output>
          </reporter-output>
        </test-method> <!-- property -->
        <test-method status="PASS" signature="lanuch()[pri:0, instance:memdesk.FlowTest@2b98378d]" name="lanuch" is-config="true" duration-ms="1" started-at="2019-02-27T06:37:51Z" finished-at="2019-02-27T06:37:51Z">
          <reporter-output>
          </reporter-output>
        </test-method> <!-- lanuch -->
        <test-method status="PASS" signature="url()[pri:0, instance:memdesk.FlowTest@2b98378d]" name="url" is-config="true" duration-ms="0" started-at="2019-02-27T06:37:51Z" finished-at="2019-02-27T06:37:51Z">
          <reporter-output>
          </reporter-output>
        </test-method> <!-- url -->
        <test-method status="PASS" signature="login()[pri:0, instance:memdesk.FlowTest@2b98378d]" name="login" is-config="true" duration-ms="1" started-at="2019-02-27T06:37:51Z" finished-at="2019-02-27T06:37:51Z">
          <reporter-output>
          </reporter-output>
        </test-method> <!-- login -->
        <test-method status="PASS" signature="pageTitle1()[pri:0, instance:memdesk.FlowTest@2b98378d]" name="pageTitle1" duration-ms="17" started-at="2019-02-27T06:37:51Z" finished-at="2019-02-27T06:37:51Z">
          <reporter-output>
          </reporter-output>
        </test-method> <!-- pageTitle1 -->
        <test-method status="PASS" signature="logOut()[pri:0, instance:memdesk.FlowTest@2b98378d]" name="logOut" is-config="true" duration-ms="2" started-at="2019-02-27T06:37:51Z" finished-at="2019-02-27T06:37:51Z">
          <reporter-output>
          </reporter-output>
        </test-method> <!-- logOut -->
        <test-method status="PASS" signature="login()[pri:0, instance:memdesk.FlowTest@2b98378d]" name="login" is-config="true" duration-ms="0" started-at="2019-02-27T06:37:51Z" finished-at="2019-02-27T06:37:51Z">
          <reporter-output>
          </reporter-output>
        </test-method> <!-- login -->
        <test-method status="PASS" signature="pageTitle2()[pri:0, instance:memdesk.FlowTest@2b98378d]" name="pageTitle2" duration-ms="2" started-at="2019-02-27T06:37:51Z" finished-at="2019-02-27T06:37:51Z">
          <reporter-output>
          </reporter-output>
        </test-method> <!-- pageTitle2 -->
        <test-method status="PASS" signature="logOut()[pri:0, instance:memdesk.FlowTest@2b98378d]" name="logOut" is-config="true" duration-ms="1" started-at="2019-02-27T06:37:51Z" finished-at="2019-02-27T06:37:51Z">
          <reporter-output>
          </reporter-output>
        </test-method> <!-- logOut -->
        <test-method status="PASS" signature="deleteCookies()[pri:0, instance:memdesk.FlowTest@2b98378d]" name="deleteCookies" is-config="true" duration-ms="0" started-at="2019-02-27T06:37:51Z" finished-at="2019-02-27T06:37:51Z">
          <reporter-output>
          </reporter-output>
        </test-method> <!-- deleteCookies -->
        <test-method status="PASS" signature="closeBrowser()[pri:0, instance:memdesk.FlowTest@2b98378d]" name="closeBrowser" is-config="true" duration-ms="1" started-at="2019-02-27T06:37:51Z" finished-at="2019-02-27T06:37:51Z">
          <reporter-output>
          </reporter-output>
        </test-method> <!-- closeBrowser -->
        <test-method status="PASS" signature="reports()[pri:0, instance:memdesk.FlowTest@2b98378d]" name="reports" is-config="true" duration-ms="1" started-at="2019-02-27T06:37:51Z" finished-at="2019-02-27T06:37:51Z">
          <reporter-output>
          </reporter-output>
        </test-method> <!-- reports -->
      </class> <!-- memdesk.FlowTest -->
    </test> <!-- Default test -->
  </suite> <!-- Default suite -->
</testng-results>
